#
# There is insufficient memory for the Java Runtime Environment to continue.
# Native memory allocation (malloc) failed to allocate 32784 bytes for Chunk::new
# Possible reasons:
#   The system is out of physical RAM or swap space
#   In 32 bit mode, the process size limit was hit
# Possible solutions:
#   Reduce memory load on the system
#   Increase physical memory or swap space
#   Check if swap backing store is full
#   Use 64 bit Java on a 64 bit OS
#   Decrease Java heap size (-Xmx/-Xms)
#   Decrease number of Java threads
#   Decrease Java thread stack sizes (-Xss)
#   Set larger code cache with -XX:ReservedCodeCacheSize=
# This output file may be truncated or incomplete.
#
#  Out of Memory Error (allocation.cpp:390), pid=11188, tid=5792
#
# JRE version: Java(TM) SE Runtime Environment (8.0_91-b15) (build 1.8.0_91-b15)
# Java VM: Java HotSpot(TM) 64-Bit Server VM (25.91-b15 mixed mode windows-amd64 compressed oops)
# Failed to write core dump. Minidumps are not enabled by default on client versions of Windows
#

---------------  T H R E A D  ---------------

Current thread (0x0000000015e1d800):  JavaThread "C2 CompilerThread0" daemon [_thread_in_native, id=5792, stack(0x0000000017470000,0x0000000017570000)]

Stack: [0x0000000017470000,0x0000000017570000]
[error occurred during error reporting (printing stack bounds), id 0xc0000005]

Native frames: (J=compiled Java code, j=interpreted, Vv=VM code, C=native code)


Current CompileTask:
C2:  21167 9103       4       org.gradle.internal.logging.text.AbstractLineChoppingStyledTextOutput::doAppend (201 bytes)


---------------  P R O C E S S  ---------------

Java Threads: ( => current thread )
  0x0000000018f92000 JavaThread "pool-4-thread-2" [_thread_blocked, id=1480, stack(0x0000000022940000,0x0000000022a40000)]
  0x0000000018f95800 JavaThread "pool-4-thread-1" [_thread_blocked, id=9380, stack(0x0000000022140000,0x0000000022240000)]
  0x0000000018f97000 JavaThread "pool-3-thread-1" [_thread_blocked, id=11100, stack(0x0000000020d70000,0x0000000020e70000)]
  0x0000000018f93800 JavaThread "pool-2-thread-1" [_thread_blocked, id=9200, stack(0x000000001f560000,0x000000001f660000)]
  0x0000000018f92800 JavaThread "File lock request listener" [_thread_in_native, id=4312, stack(0x000000001ba40000,0x000000001bb40000)]
  0x0000000018d9e000 JavaThread "Stdin handler" [_thread_blocked, id=4364, stack(0x000000001a370000,0x000000001a470000)]
  0x0000000018d9d800 JavaThread "Asynchronous log dispatcher for org.gradle.launcher.daemon.server.DefaultDaemonConnection@56cca5b4" [_thread_blocked, id=9280, stack(0x000000001a270000,0x000000001a370000)]
  0x0000000018d8f800 JavaThread "Daemon worker" [_thread_blocked, id=11432, stack(0x000000001a170000,0x000000001a270000)]
  0x0000000018da9800 JavaThread "Cancel handler" [_thread_blocked, id=12940, stack(0x000000001a070000,0x000000001a170000)]
  0x0000000018e10000 JavaThread "Handler for socket connection from /127.0.0.1:28783 to /127.0.0.1:28784" [_thread_in_native, id=4456, stack(0x0000000019f70000,0x000000001a070000)]
  0x0000000018e0f800 JavaThread "Daemon" [_thread_blocked, id=8448, stack(0x0000000019e70000,0x0000000019f70000)]
  0x00000000188f9800 JavaThread "Incoming local TCP Connector on port 28783" [_thread_in_native, id=3388, stack(0x0000000019a40000,0x0000000019b40000)]
  0x0000000018e3a800 JavaThread "pool-1-thread-1" [_thread_blocked, id=10712, stack(0x0000000018570000,0x0000000018670000)]
  0x00000000177a8800 JavaThread "Service Thread" daemon [_thread_blocked, id=11980, stack(0x0000000017b70000,0x0000000017c70000)]
  0x0000000015e24000 JavaThread "C1 CompilerThread2" daemon [_thread_blocked, id=5732, stack(0x0000000017670000,0x0000000017770000)]
  0x0000000015e21000 JavaThread "C2 CompilerThread1" daemon [_thread_in_native, id=3700, stack(0x0000000017570000,0x0000000017670000)]
=>0x0000000015e1d800 JavaThread "C2 CompilerThread0" daemon [_thread_in_native, id=5792, stack(0x0000000017470000,0x0000000017570000)]
  0x0000000015e1c800 JavaThread "Attach Listener" daemon [_thread_blocked, id=240, stack(0x0000000017370000,0x0000000017470000)]
  0x0000000015e1b800 JavaThread "Signal Dispatcher" daemon [_thread_blocked, id=7028, stack(0x0000000017270000,0x0000000017370000)]
  0x0000000015e0a800 JavaThread "Finalizer" daemon [_thread_blocked, id=2912, stack(0x0000000017080000,0x0000000017180000)]
  0x0000000015de9000 JavaThread "Reference Handler" daemon [_thread_blocked, id=3416, stack(0x0000000016f80000,0x0000000017080000)]
  0x00000000023ae000 JavaThread "main" [_thread_blocked, id=12600, stack(0x0000000002200000,0x0000000002300000)]

Other Threads:
  0x0000000015de7000 VMThread [stack: 0x0000000016e80000,0x0000000016f80000] [id=13688]
  0x0000000015e7e800 WatcherThread [stack: 0x0000000017c70000,0x0000000017d70000] [id=7140]

VM state:at safepoint (normal execution)

VM Mutex/Monitor currently owned by a thread:  ([mutex/lock_event])
[0x00000000023acf00] Threads_lock - owner thread: 0x0000000015de7000
[0x00000000023ad600] Heap_lock - owner thread: 0x0000000018d8f800

Heap:
 PSYoungGen      total 162816K, used 32043K [0x00000000e0000000, 0x00000000ed800000, 0x0000000100000000)
  eden space 142848K, 22% used [0x00000000e0000000,0x00000000e1f4ad00,0x00000000e8b80000)
  from space 19968K, 0% used [0x00000000e8b80000,0x00000000e8b80000,0x00000000e9f00000)
  to   space 21504K, 1% used [0x00000000ec300000,0x00000000ec340860,0x00000000ed800000)
 ParOldGen       total 129024K, used 40121K [0x00000000a0000000, 0x00000000a7e00000, 0x00000000e0000000)
  object space 129024K, 31% used [0x00000000a0000000,0x00000000a272e6c8,0x00000000a7e00000)
 Metaspace       used 58348K, capacity 59698K, committed 59904K, reserved 1105920K
  class space    used 7828K, capacity 8117K, committed 8192K, reserved 1048576K

Card table byte_map: [0x0000000011870000,0x0000000011b80000] byte_map_base: 0x0000000011370000

Marking Bits: (ParMarkBitMap*) 0x00000000771f2f70
 Begin Bits: [0x0000000012180000, 0x0000000013980000)
 End Bits:   [0x0000000013980000, 0x0000000015180000)

Polling page: 0x0000000000540000

CodeCache: size=245760Kb used=25069Kb max_used=25079Kb free=220690Kb
 bounds [0x00000000024b0000, 0x0000000003d50000, 0x00000000114b0000]
 total_blobs=8610 nmethods=7864 adapters=657
 compilation: enabled

Compilation events (10 events):
Event: 21.146 Thread 0x0000000015e24000 nmethod 9097 0x0000000003d439d0 code [0x0000000003d43b40, 0x0000000003d43e48]
Event: 21.146 Thread 0x0000000015e24000 9099       1       java.lang.StackTraceElement::getLineNumber (5 bytes)
Event: 21.146 Thread 0x0000000015e24000 nmethod 9099 0x0000000003d43f90 code [0x0000000003d440e0, 0x0000000003d441f0]
Event: 21.146 Thread 0x0000000015e24000 9100       1       java.lang.StackTraceElement::getFileName (5 bytes)
Event: 21.146 Thread 0x0000000015e24000 nmethod 9100 0x0000000003d44250 code [0x0000000003d443a0, 0x0000000003d444b0]
Event: 21.147 Thread 0x0000000015e21000 nmethod 9098 0x0000000003d47410 code [0x0000000003d47560, 0x0000000003d47888]
Event: 21.154 Thread 0x0000000015e24000 9101       3       java.util.concurrent.locks.LockSupport::unpark (12 bytes)
Event: 21.154 Thread 0x0000000015e24000 nmethod 9101 0x0000000003d46c50 code [0x0000000003d46dc0, 0x0000000003d46fe8]
Event: 21.154 Thread 0x0000000015e1d800 9103       4       org.gradle.internal.logging.text.AbstractLineChoppingStyledTextOutput::doAppend (201 bytes)
Event: 21.155 Thread 0x0000000015e21000 9104       4       sun.nio.cs.SingleByte$Encoder::encodeArrayLoop (236 bytes)

GC Heap History (10 events):
Event: 10.416 GC heap before
{Heap before GC invocations=12 (full 2):
 PSYoungGen      total 104960K, used 94720K [0x00000000e0000000, 0x00000000e8b80000, 0x0000000100000000)
  eden space 94720K, 100% used [0x00000000e0000000,0x00000000e5c80000,0x00000000e5c80000)
  from space 10240K, 0% used [0x00000000e5c80000,0x00000000e5c80000,0x00000000e6680000)
  to   space 10752K, 0% used [0x00000000e8100000,0x00000000e8100000,0x00000000e8b80000)
 ParOldGen       total 78336K, used 14950K [0x00000000a0000000, 0x00000000a4c80000, 0x00000000e0000000)
  object space 78336K, 19% used [0x00000000a0000000,0x00000000a0e99b70,0x00000000a4c80000)
 Metaspace       used 41406K, capacity 42166K, committed 42496K, reserved 1085440K
  class space    used 5656K, capacity 5859K, committed 5888K, reserved 1048576K
Event: 10.429 GC heap after
Heap after GC invocations=12 (full 2):
 PSYoungGen      total 129024K, used 8398K [0x00000000e0000000, 0x00000000e8a80000, 0x0000000100000000)
  eden space 119296K, 0% used [0x00000000e0000000,0x00000000e0000000,0x00000000e7480000)
  from space 9728K, 86% used [0x00000000e8100000,0x00000000e89339a0,0x00000000e8a80000)
  to   space 11264K, 0% used [0x00000000e7480000,0x00000000e7480000,0x00000000e7f80000)
 ParOldGen       total 78336K, used 15022K [0x00000000a0000000, 0x00000000a4c80000, 0x00000000e0000000)
  object space 78336K, 19% used [0x00000000a0000000,0x00000000a0eabb80,0x00000000a4c80000)
 Metaspace       used 41406K, capacity 42166K, committed 42496K, reserved 1085440K
  class space    used 5656K, capacity 5859K, committed 5888K, reserved 1048576K
}
Event: 13.675 GC heap before
{Heap before GC invocations=13 (full 2):
 PSYoungGen      total 129024K, used 127694K [0x00000000e0000000, 0x00000000e8a80000, 0x0000000100000000)
  eden space 119296K, 100% used [0x00000000e0000000,0x00000000e7480000,0x00000000e7480000)
  from space 9728K, 86% used [0x00000000e8100000,0x00000000e89339a0,0x00000000e8a80000)
  to   space 11264K, 0% used [0x00000000e7480000,0x00000000e7480000,0x00000000e7f80000)
 ParOldGen       total 78336K, used 15022K [0x00000000a0000000, 0x00000000a4c80000, 0x00000000e0000000)
  object space 78336K, 19% used [0x00000000a0000000,0x00000000a0eabb80,0x00000000a4c80000)
 Metaspace       used 48767K, capacity 50018K, committed 50304K, reserved 1093632K
  class space    used 6689K, capacity 6979K, committed 7040K, reserved 1048576K
Event: 13.697 GC heap after
Heap after GC invocations=13 (full 2):
 PSYoungGen      total 130560K, used 11235K [0x00000000e0000000, 0x00000000ead80000, 0x0000000100000000)
  eden space 119296K, 0% used [0x00000000e0000000,0x00000000e0000000,0x00000000e7480000)
  from space 11264K, 99% used [0x00000000e7480000,0x00000000e7f78c80,0x00000000e7f80000)
  to   space 14848K, 0% used [0x00000000e9f00000,0x00000000e9f00000,0x00000000ead80000)
 ParOldGen       total 78336K, used 21704K [0x00000000a0000000, 0x00000000a4c80000, 0x00000000e0000000)
  object space 78336K, 27% used [0x00000000a0000000,0x00000000a15323f8,0x00000000a4c80000)
 Metaspace       used 48767K, capacity 50018K, committed 50304K, reserved 1093632K
  class space    used 6689K, capacity 6979K, committed 7040K, reserved 1048576K
}
Event: 19.650 GC heap before
{Heap before GC invocations=14 (full 2):
 PSYoungGen      total 130560K, used 130531K [0x00000000e0000000, 0x00000000ead80000, 0x0000000100000000)
  eden space 119296K, 100% used [0x00000000e0000000,0x00000000e7480000,0x00000000e7480000)
  from space 11264K, 99% used [0x00000000e7480000,0x00000000e7f78c80,0x00000000e7f80000)
  to   space 14848K, 0% used [0x00000000e9f00000,0x00000000e9f00000,0x00000000ead80000)
 ParOldGen       total 78336K, used 21704K [0x00000000a0000000, 0x00000000a4c80000, 0x00000000e0000000)
  object space 78336K, 27% used [0x00000000a0000000,0x00000000a15323f8,0x00000000a4c80000)
 Metaspace       used 56855K, capacity 58240K, committed 58496K, reserved 1099776K
  class space    used 7639K, capacity 7966K, committed 8064K, reserved 1048576K
Event: 19.681 GC heap after
Heap after GC invocations=14 (full 2):
 PSYoungGen      total 157696K, used 14816K [0x00000000e0000000, 0x00000000eb480000, 0x0000000100000000)
  eden space 142848K, 0% used [0x00000000e0000000,0x00000000e0000000,0x00000000e8b80000)
  from space 14848K, 99% used [0x00000000e9f00000,0x00000000ead78140,0x00000000ead80000)
  to   space 19968K, 0% used [0x00000000e8b80000,0x00000000e8b80000,0x00000000e9f00000)
 ParOldGen       total 78336K, used 31053K [0x00000000a0000000, 0x00000000a4c80000, 0x00000000e0000000)
  object space 78336K, 39% used [0x00000000a0000000,0x00000000a1e536f8,0x00000000a4c80000)
 Metaspace       used 56855K, capacity 58240K, committed 58496K, reserved 1099776K
  class space    used 7639K, capacity 7966K, committed 8064K, reserved 1048576K
}
Event: 20.523 GC heap before
{Heap before GC invocations=15 (full 2):
 PSYoungGen      total 157696K, used 94751K [0x00000000e0000000, 0x00000000eb480000, 0x0000000100000000)
  eden space 142848K, 55% used [0x00000000e0000000,0x00000000e4e0fbc8,0x00000000e8b80000)
  from space 14848K, 99% used [0x00000000e9f00000,0x00000000ead78140,0x00000000ead80000)
  to   space 19968K, 0% used [0x00000000e8b80000,0x00000000e8b80000,0x00000000e9f00000)
 ParOldGen       total 78336K, used 31053K [0x00000000a0000000, 0x00000000a4c80000, 0x00000000e0000000)
  object space 78336K, 39% used [0x00000000a0000000,0x00000000a1e536f8,0x00000000a4c80000)
 Metaspace       used 57653K, capacity 58978K, committed 59096K, reserved 1099776K
  class space    used 7731K, capacity 8035K, committed 8064K, reserved 1048576K
Event: 20.543 GC heap after
Heap after GC invocations=15 (full 2):
 PSYoungGen      total 162816K, used 15414K [0x00000000e0000000, 0x00000000ed800000, 0x0000000100000000)
  eden space 142848K, 0% used [0x00000000e0000000,0x00000000e0000000,0x00000000e8b80000)
  from space 19968K, 77% used [0x00000000e8b80000,0x00000000e9a8dab8,0x00000000e9f00000)
  to   space 21504K, 0% used [0x00000000ec300000,0x00000000ec300000,0x00000000ed800000)
 ParOldGen       total 78336K, used 31317K [0x00000000a0000000, 0x00000000a4c80000, 0x00000000e0000000)
  object space 78336K, 39% used [0x00000000a0000000,0x00000000a1e95710,0x00000000a4c80000)
 Metaspace       used 57653K, capacity 58978K, committed 59096K, reserved 1099776K
  class space    used 7731K, capacity 8035K, committed 8064K, reserved 1048576K
}
Event: 20.543 GC heap before
{Heap before GC invocations=16 (full 3):
 PSYoungGen      total 162816K, used 15414K [0x00000000e0000000, 0x00000000ed800000, 0x0000000100000000)
  eden space 142848K, 0% used [0x00000000e0000000,0x00000000e0000000,0x00000000e8b80000)
  from space 19968K, 77% used [0x00000000e8b80000,0x00000000e9a8dab8,0x00000000e9f00000)
  to   space 21504K, 0% used [0x00000000ec300000,0x00000000ec300000,0x00000000ed800000)
 ParOldGen       total 78336K, used 31317K [0x00000000a0000000, 0x00000000a4c80000, 0x00000000e0000000)
  object space 78336K, 39% used [0x00000000a0000000,0x00000000a1e95710,0x00000000a4c80000)
 Metaspace       used 57653K, capacity 58978K, committed 59096K, reserved 1099776K
  class space    used 7731K, capacity 8035K, committed 8064K, reserved 1048576K
Event: 20.843 GC heap after
Heap after GC invocations=16 (full 3):
 PSYoungGen      total 162816K, used 0K [0x00000000e0000000, 0x00000000ed800000, 0x0000000100000000)
  eden space 142848K, 0% used [0x00000000e0000000,0x00000000e0000000,0x00000000e8b80000)
  from space 19968K, 0% used [0x00000000e8b80000,0x00000000e8b80000,0x00000000e9f00000)
  to   space 21504K, 0% used [0x00000000ec300000,0x00000000ec300000,0x00000000ed800000)
 ParOldGen       total 129024K, used 40113K [0x00000000a0000000, 0x00000000a7e00000, 0x00000000e0000000)
  object space 129024K, 31% used [0x00000000a0000000,0x00000000a272c6c8,0x00000000a7e00000)
 Metaspace       used 57653K, capacity 58978K, committed 59096K, reserved 1099776K
  class space    used 7731K, capacity 8035K, committed 8064K, reserved 1048576K
}

Deoptimization events (10 events):
Event: 20.900 Thread 0x0000000018d8f800 Uncommon trap: reason=unstable_if action=reinterpret pc=0x00000000027a3bc0 method=java.math.BigInteger.stripLeadingZeroBytes([B)[I @ 7
Event: 21.018 Thread 0x0000000018d8f800 Uncommon trap: reason=unstable_if action=reinterpret pc=0x0000000003c537f4 method=java.util.TreeMap.deleteEntry(Ljava/util/TreeMap$Entry;)V @ 207
Event: 21.018 Thread 0x0000000018d8f800 Uncommon trap: reason=unstable_if action=reinterpret pc=0x0000000003c92c1c method=java.util.TreeMap.fixAfterDeletion(Ljava/util/TreeMap$Entry;)V @ 24
Event: 21.020 Thread 0x0000000018d8f800 Uncommon trap: reason=unstable_if action=reinterpret pc=0x0000000003192c38 method=java.util.TreeMap.put(Ljava/lang/Object;Ljava/lang/Object;)Ljava/lang/Object; @ 90
Event: 21.033 Thread 0x0000000018d8f800 Uncommon trap: reason=class_check action=maybe_recompile pc=0x0000000002bcef64 method=java.util.zip.InflaterInputStream.read([BII)I @ 100
Event: 21.034 Thread 0x0000000018d8f800 Uncommon trap: reason=class_check action=maybe_recompile pc=0x0000000002bcef64 method=java.util.zip.InflaterInputStream.read([BII)I @ 100
Event: 21.034 Thread 0x0000000018d8f800 Uncommon trap: reason=class_check action=maybe_recompile pc=0x0000000002bcef64 method=java.util.zip.InflaterInputStream.read([BII)I @ 100
Event: 21.034 Thread 0x0000000018d8f800 Uncommon trap: reason=class_check action=maybe_recompile pc=0x0000000002bcef64 method=java.util.zip.InflaterInputStream.read([BII)I @ 100
Event: 21.136 Thread 0x0000000018d8f800 Uncommon trap: reason=class_check action=maybe_recompile pc=0x0000000002bd6200 method=java.lang.Throwable.<init>(Ljava/lang/String;Ljava/lang/Throwable;)V @ 24
Event: 21.142 Thread 0x0000000018d8f800 Uncommon trap: reason=unstable_if action=reinterpret pc=0x0000000003943e3c method=java.io.ObjectOutputStream$BlockDataOutputStream.writeBytes(Ljava/lang/String;)V @ 22

Internal exceptions (10 events):
Event: 12.876 Thread 0x0000000018d8f800 Exception <a 'java/lang/NoSuchMethodError': <clinit>> (0x00000000e66c0690) thrown at [C:\re\workspace\8-2-build-windows-amd64-cygwin\jdk8u91\7017\hotspot\src\share\vm\prims\jni.cpp, line 1613]
Event: 12.876 Thread 0x0000000018d8f800 Exception <a 'java/lang/NoSuchMethodError': <clinit>> (0x00000000e66cd678) thrown at [C:\re\workspace\8-2-build-windows-amd64-cygwin\jdk8u91\7017\hotspot\src\share\vm\prims\jni.cpp, line 1613]
Event: 12.897 Thread 0x0000000018d8f800 Exception <a 'java/lang/NoSuchMethodError': <clinit>> (0x00000000e68a3078) thrown at [C:\re\workspace\8-2-build-windows-amd64-cygwin\jdk8u91\7017\hotspot\src\share\vm\prims\jni.cpp, line 1613]
Event: 12.898 Thread 0x0000000018d8f800 Exception <a 'java/lang/NoSuchMethodError': <clinit>> (0x00000000e68bb888) thrown at [C:\re\workspace\8-2-build-windows-amd64-cygwin\jdk8u91\7017\hotspot\src\share\vm\prims\jni.cpp, line 1613]
Event: 12.898 Thread 0x0000000018d8f800 Exception <a 'java/lang/NoSuchMethodError': <clinit>> (0x00000000e68bcda0) thrown at [C:\re\workspace\8-2-build-windows-amd64-cygwin\jdk8u91\7017\hotspot\src\share\vm\prims\jni.cpp, line 1613]
Event: 21.136 Thread 0x0000000018d8f800 Exception <a 'java/lang/OutOfMemoryError'> (0x00000000e1ba5470) thrown at [C:\re\workspace\8-2-build-windows-amd64-cygwin\jdk8u91\7017\hotspot\src\share\vm\prims\jni.cpp, line 735]
Event: 21.136 Thread 0x0000000018d8f800 Exception <a 'java/lang/reflect/InvocationTargetException'> (0x00000000e1ba5c30) thrown at [C:\re\workspace\8-2-build-windows-amd64-cygwin\jdk8u91\7017\hotspot\src\share\vm\runtime\reflection.cpp, line 1092]
Event: 21.140 Thread 0x0000000018d8f800 Exception <a 'java/lang/NoSuchMethodError': <clinit>> (0x00000000e1c34910) thrown at [C:\re\workspace\8-2-build-windows-amd64-cygwin\jdk8u91\7017\hotspot\src\share\vm\prims\jni.cpp, line 1613]
Event: 21.142 Thread 0x0000000018d8f800 Exception <a 'java/lang/NoSuchMethodError': <clinit>> (0x00000000e1c4c590) thrown at [C:\re\workspace\8-2-build-windows-amd64-cygwin\jdk8u91\7017\hotspot\src\share\vm\prims\jni.cpp, line 1613]
Event: 21.145 Thread 0x0000000018d8f800 Exception <a 'java/lang/NoSuchMethodError': <clinit>> (0x00000000e1cc9ed0) thrown at [C:\re\workspace\8-2-build-windows-amd64-cygwin\jdk8u91\7017\hotspot\src\share\vm\prims\jni.cpp, line 1613]

Events (10 events):
Event: 21.157 loading class com/google/common/cache/LocalCache$Values
Event: 21.157 loading class com/google/common/cache/LocalCache$Values done
Event: 21.158 loading class com/google/common/cache/LocalCache$ValueIterator
Event: 21.158 loading class com/google/common/cache/LocalCache$ValueIterator done
Event: 21.158 loading class com/google/common/cache/LocalCache$HashIterator
Event: 21.158 loading class com/google/common/cache/LocalCache$HashIterator done
Event: 21.159 loading class com/google/common/cache/LocalCache$WriteThroughEntry
Event: 21.159 loading class com/google/common/cache/LocalCache$WriteThroughEntry done
Event: 21.160 loading class com/google/wireless/android/sdk/stats/AndroidStudioStats$AndroidStudioEvent
Event: 21.160 loading class com/google/wireless/android/sdk/stats/AndroidStudioStats$AndroidStudioEvent done


Dynamic libraries:
0x00007ff650bd0000 - 0x00007ff650c07000 	C:\Program Files\Java\jdk1.8.0_91\bin\java.exe
0x00007ffb693a0000 - 0x00007ffb6957b000 	C:\WINDOWS\SYSTEM32\ntdll.dll
0x00007ffb68670000 - 0x00007ffb6871e000 	C:\WINDOWS\System32\KERNEL32.DLL
0x00007ffb65c00000 - 0x00007ffb65e49000 	C:\WINDOWS\System32\KERNELBASE.dll
0x00007ffb66c10000 - 0x00007ffb66cb1000 	C:\WINDOWS\System32\ADVAPI32.dll
0x00007ffb682e0000 - 0x00007ffb6837d000 	C:\WINDOWS\System32\msvcrt.dll
0x00007ffb68ec0000 - 0x00007ffb68f19000 	C:\WINDOWS\System32\sechost.dll
0x00007ffb68720000 - 0x00007ffb68845000 	C:\WINDOWS\System32\RPCRT4.dll
0x00007ffb68d10000 - 0x00007ffb68e5a000 	C:\WINDOWS\System32\USER32.dll
0x00007ffb665f0000 - 0x00007ffb6660e000 	C:\WINDOWS\System32\win32u.dll
0x00007ffb66a90000 - 0x00007ffb66ab7000 	C:\WINDOWS\System32\GDI32.dll
0x00007ffb666c0000 - 0x00007ffb66847000 	C:\WINDOWS\System32\gdi32full.dll
0x00007ffb66550000 - 0x00007ffb665ea000 	C:\WINDOWS\System32\msvcp_win.dll
0x00007ffb65b00000 - 0x00007ffb65bf6000 	C:\WINDOWS\System32\ucrtbase.dll
0x00007ffb57e10000 - 0x00007ffb58077000 	C:\WINDOWS\WinSxS\amd64_microsoft.windows.common-controls_6595b64144ccf1df_6.0.15063.483_none_26002d27e7c744a2\COMCTL32.dll
0x00007ffb68f20000 - 0x00007ffb69219000 	C:\WINDOWS\System32\combase.dll
0x00007ffb65a90000 - 0x00007ffb65afa000 	C:\WINDOWS\System32\bcryptPrimitives.dll
0x00007ffb66ac0000 - 0x00007ffb66aed000 	C:\WINDOWS\System32\IMM32.DLL
0x0000000050f90000 - 0x0000000051062000 	C:\Program Files\Java\jdk1.8.0_91\jre\bin\msvcr100.dll
0x00000000769e0000 - 0x0000000077273000 	C:\Program Files\Java\jdk1.8.0_91\jre\bin\server\jvm.dll
0x00007ffb66af0000 - 0x00007ffb66af8000 	C:\WINDOWS\System32\PSAPI.DLL
0x00007ffb60170000 - 0x00007ffb6017a000 	C:\WINDOWS\SYSTEM32\VERSION.dll
0x00007ffb63030000 - 0x00007ffb63053000 	C:\WINDOWS\SYSTEM32\WINMM.dll
0x00007ffb54b00000 - 0x00007ffb54b09000 	C:\WINDOWS\SYSTEM32\WSOCK32.dll
0x00007ffb66d70000 - 0x00007ffb66ddc000 	C:\WINDOWS\System32\WS2_32.dll
0x00007ffb62a00000 - 0x00007ffb62a2b000 	C:\WINDOWS\SYSTEM32\winmmbase.dll
0x00007ffb66850000 - 0x00007ffb66899000 	C:\WINDOWS\System32\cfgmgr32.dll
0x00000000514a0000 - 0x00000000514af000 	C:\Program Files\Java\jdk1.8.0_91\jre\bin\verify.dll
0x0000000051470000 - 0x0000000051499000 	C:\Program Files\Java\jdk1.8.0_91\jre\bin\java.dll
0x0000000051450000 - 0x0000000051466000 	C:\Program Files\Java\jdk1.8.0_91\jre\bin\zip.dll
0x00007ffb66ea0000 - 0x00007ffb682d7000 	C:\WINDOWS\System32\SHELL32.dll
0x00007ffb66b60000 - 0x00007ffb66c0a000 	C:\WINDOWS\System32\shcore.dll
0x00007ffb65e50000 - 0x00007ffb66541000 	C:\WINDOWS\System32\windows.storage.dll
0x00007ffb68e60000 - 0x00007ffb68eb1000 	C:\WINDOWS\System32\shlwapi.dll
0x00007ffb65860000 - 0x00007ffb65871000 	C:\WINDOWS\System32\kernel.appcore.dll
0x00007ffb65810000 - 0x00007ffb6585c000 	C:\WINDOWS\System32\powrprof.dll
0x00007ffb65880000 - 0x00007ffb65895000 	C:\WINDOWS\System32\profapi.dll
0x0000000051430000 - 0x000000005144a000 	C:\Program Files\Java\jdk1.8.0_91\jre\bin\net.dll
0x00007ffb65120000 - 0x00007ffb6517c000 	C:\WINDOWS\system32\mswsock.dll
0x0000000051410000 - 0x0000000051421000 	C:\Program Files\Java\jdk1.8.0_91\jre\bin\nio.dll
0x00007ffb3e9b0000 - 0x00007ffb3e9c2000 	C:\Users\Shaimaa Derbaz\.gradle\native\19\windows-amd64\native-platform.dll
0x00007ffb652c0000 - 0x00007ffb652d7000 	C:\WINDOWS\SYSTEM32\CRYPTSP.dll
0x00007ffb64d40000 - 0x00007ffb64d74000 	C:\WINDOWS\system32\rsaenh.dll
0x00007ffb653d0000 - 0x00007ffb653f5000 	C:\WINDOWS\SYSTEM32\bcrypt.dll
0x00007ffb65710000 - 0x00007ffb65739000 	C:\WINDOWS\SYSTEM32\USERENV.dll
0x00007ffb652e0000 - 0x00007ffb652eb000 	C:\WINDOWS\SYSTEM32\CRYPTBASE.dll
0x00007ffb64ec0000 - 0x00007ffb64ef7000 	C:\WINDOWS\SYSTEM32\IPHLPAPI.DLL
0x00007ffb69390000 - 0x00007ffb69398000 	C:\WINDOWS\System32\NSI.dll
0x00007ffb5bf50000 - 0x00007ffb5bf66000 	C:\WINDOWS\SYSTEM32\dhcpcsvc6.DLL
0x00007ffb5cfc0000 - 0x00007ffb5cfda000 	C:\WINDOWS\SYSTEM32\dhcpcsvc.DLL
0x0000000051250000 - 0x000000005125d000 	C:\Program Files\Java\jdk1.8.0_91\jre\bin\management.dll

VM Arguments:
jvm_args: -Xmx1536m -Dfile.encoding=windows-1252 -Duser.country=US -Duser.language=en -Duser.variant 
java_command: org.gradle.launcher.daemon.bootstrap.GradleDaemon 2.14.1
java_class_path (initial): C:\Users\Shaimaa Derbaz\.gradle\wrapper\dists\gradle-2.14.1-all\8bnwg5hd3w55iofp58khbp6yv\gradle-2.14.1\lib\gradle-launcher-2.14.1.jar
Launcher Type: SUN_STANDARD

Environment Variables:
PATH=C:\Program Files\Microsoft HPC Pack 2012\Bin\;C:\ProgramData\Oracle\Java\javapath;C:\Program Files (x86)\Lenovo\FusionEngine;C:\WINDOWS\system32;C:\WINDOWS;C:\WINDOWS\System32\Wbem;C:\WINDOWS\System32\WindowsPowerShell\v1.0\;C:\Program Files (x86)\ATI Technologies\ATI.ACE\Core-Static;C:\Program Files\Microsoft SQL Server\110\Tools\Binn\;C:\Users\Shaimaa Derbaz\Desktop\Shaimaa Derbazg\FCI materials\FCI CS 4\graduation Project\OpenCV\opencv\build\x86\vc10\bin;C:\Program Files\MATLAB\MATLAB Production Server\R2015a\runtime\win64;C:\Program Files\MATLAB\MATLAB Production Server\R2015a\bin;C:\Program Files\MATLAB\R2011a\runtime\win64;C:\Program Files\MATLAB\R2011a\bin;C:\Program Files\MiKTeX 2.9\miktex\bin\x64\;C:\Program Files\Java\jre1.8.0_74\bin;C:\Program Files (x86)\Java\jre1.8.0_91\bin;C:\Program Files\Java\jre1.8.0_91\bin;C:\Program Files\MATLAB\MATLAB Production Server\R2015a\polyspace\bin;C:\Program Files\Git\cmd;C:\Program Files\TortoiseGit\bin;C:\Program Files\Java\jdk1.7.0_25\bin;C:\Program Files\Java\jdk1.8.0_91\bin;C:\WINDOWS\system32;C:\WINDOWS;C:\WINDOWS\System32\Wbem;C:\WINDOWS\System32\WindowsPowerShell\v1.0\;C:\Program Files\apache-maven-3.3.9-src\apache-maven-3.3.9\apache-maven\src\bin;C:\Program Files\Intel\WiFi\bin\;C:\Program Files\Common Files\Intel\WirelessCommon\;C:\Users\Shaimaa Derbaz\AppData\Local\Microsoft\WindowsApps;C:\AppServ\Apache24\bin;C:\AppServ\php5;C:\AppServ\MySQL\bin;
USERNAME=Shaimaa Derbaz
OS=Windows_NT
PROCESSOR_IDENTIFIER=Intel64 Family 6 Model 61 Stepping 4, GenuineIntel



---------------  S Y S T E M  ---------------

OS: Windows 10.0 , 64 bit Build 15063 (10.0.15063.296)

CPU:total 4 (2 cores per cpu, 2 threads per core) family 6 model 61 stepping 4, cmov, cx8, fxsr, mmx, sse, sse2, sse3, ssse3, sse4.1, sse4.2, popcnt, avx, avx2, aes, clmul, erms, 3dnowpref, lzcnt, ht, tsc, tscinvbit, bmi1, bmi2, adx

Memory: 4k page, physical 6203856k(1212280k free), swap 25078224k(8200k free)

vm_info: Java HotSpot(TM) 64-Bit Server VM (25.91-b15) for windows-amd64 JRE (1.8.0_91-b15), built on May 20 2016 17:43:15 by "java_re" with MS VC++ 10.0 (VS2010)

time: Thu Feb 08 22:33:28 2018
elapsed time: 21 seconds (0d 0h 0m 21s)

